<?xml version="1.0" encoding="UTF-8"?>
<!-- Generated by org.testng.reporters.JUnitReportReporter -->
<testsuite hostname="DESKTOP-95BEDQV" failures="0" tests="3" name="BasicConcepts.Enabled" time="0.020" errors="0" timestamp="2024-10-17T08:08:22 IST" skipped="2">
  <testcase classname="BasicConcepts.Enabled" name="clasic" time="0.020"/>
  <testcase classname="BasicConcepts.Enabled" name="getTitle">
    <skipped/>
  </testcase> <!-- getTitle -->
  <testcase classname="BasicConcepts.Enabled" name="closeBrowser">
    <skipped/>
  </testcase> <!-- closeBrowser -->
</testsuite> <!-- BasicConcepts.Enabled -->
