<?xml version="1.0" encoding="UTF-8"?>
<!-- Generated by org.testng.reporters.JUnitReportReporter -->
<testsuite hostname="DESKTOP-95BEDQV" failures="0" tests="1" name="Parameters_Optional.Optionals" time="9.120" errors="0" timestamp="2024-11-03T04:20:20 IST" skipped="0">
  <testcase classname="Parameters_Optional.Optionals" name="login_Facebook" time="9.120"/>
</testsuite> <!-- Parameters_Optional.Optionals -->
