<?xml version="1.0" encoding="UTF-8"?>
<!-- Generated by org.testng.reporters.JUnitReportReporter -->
<testsuite hostname="DESKTOP-95BEDQV" failures="0" tests="2" name="DependsOnGroups_Method_Level.DependsOnGroups" time="0.048" errors="0" timestamp="2024-10-24T04:33:56 IST" skipped="0">
  <testcase classname="DependsOnGroups_Method_Level.DependsOnGroups" name="forgetPassword" time="0.004"/>
  <testcase classname="DependsOnGroups_Method_Level.DependsOnGroups" name="login" time="0.044"/>
</testsuite> <!-- DependsOnGroups_Method_Level.DependsOnGroups -->
