<?xml version="1.0" encoding="UTF-8"?>
<!-- Generated by org.testng.reporters.JUnitReportReporter -->
<testsuite hostname="DESKTOP-95BEDQV" failures="0" tests="2" name="ParallelExe_MethodLevel.Parallel_Methods" time="30.678" errors="0" timestamp="2024-10-26T05:07:35 IST" skipped="0">
  <testcase classname="ParallelExe_MethodLevel.Parallel_Methods" name="testChrome" time="12.590"/>
  <testcase classname="ParallelExe_MethodLevel.Parallel_Methods" name="testFirefox" time="18.088"/>
</testsuite> <!-- ParallelExe_MethodLevel.Parallel_Methods -->
