<?xml version="1.0" encoding="UTF-8"?>
<!-- Generated by org.testng.reporters.JUnitReportReporter -->
<testsuite hostname="DESKTOP-95BEDQV" failures="0" tests="2" name="ParallelExe_TestLevel.Parallel_Class4" time="18.464" errors="0" timestamp="2024-10-28T04:10:29 IST" skipped="0">
  <testcase classname="ParallelExe_TestLevel.Parallel_Class4" name="testChrome" time="6.988"/>
  <testcase classname="ParallelExe_TestLevel.Parallel_Class4" name="testFirefox" time="11.476"/>
</testsuite> <!-- ParallelExe_TestLevel.Parallel_Class4 -->
