<?xml version="1.0" encoding="UTF-8"?>
<!-- Generated by org.testng.reporters.JUnitReportReporter -->
<testsuite hostname="DESKTOP-95BEDQV" failures="0" tests="2" name="ParallelExe_TestLevel.Parallel_Class1" time="22.706" errors="0" timestamp="2024-10-28T04:10:29 IST" skipped="0">
  <testcase classname="ParallelExe_TestLevel.Parallel_Class1" name="testChrome" time="12.879"/>
  <testcase classname="ParallelExe_TestLevel.Parallel_Class1" name="testFirefox" time="9.827"/>
</testsuite> <!-- ParallelExe_TestLevel.Parallel_Class1 -->
