<?xml version="1.0" encoding="UTF-8"?>
<!-- Generated by org.testng.reporters.JUnitReportReporter -->
<testsuite hostname="DESKTOP-95BEDQV" failures="0" tests="1" name="Parameters_Optional.Option" time="7.687" errors="0" timestamp="2024-11-06T04:24:01 IST" skipped="0">
  <testcase classname="Parameters_Optional.Option" name="login_Facebook" time="7.687"/>
</testsuite> <!-- Parameters_Optional.Option -->
