<?xml version="1.0" encoding="UTF-8"?>
<!-- Generated by org.testng.reporters.JUnitReportReporter -->
<testsuite hostname="DESKTOP-95BEDQV" failures="0" tests="2" name="ParallelExe_TestLevel.Parallel_Class3" time="18.405" errors="0" timestamp="2024-10-28T04:10:29 IST" skipped="0">
  <testcase classname="ParallelExe_TestLevel.Parallel_Class3" name="testChrome" time="7.277"/>
  <testcase classname="ParallelExe_TestLevel.Parallel_Class3" name="testFirefox" time="11.128"/>
</testsuite> <!-- ParallelExe_TestLevel.Parallel_Class3 -->
