<?xml version="1.0" encoding="UTF-8"?>
<!-- Generated by org.testng.reporters.JUnitReportReporter -->
<testsuite hostname="DESKTOP-95BEDQV" failures="0" tests="1" name="BasicConcepts.BasicConcepts" time="0.025" errors="0" timestamp="2024-10-17T06:28:28 IST" skipped="0">
  <testcase classname="BasicConcepts.BasicConcepts" name="method" time="0.025"/>
</testsuite> <!-- BasicConcepts.BasicConcepts -->
