<?xml version="1.0" encoding="UTF-8"?>
<!-- Generated by org.testng.reporters.JUnitReportReporter -->
<testsuite hostname="DESKTOP-95BEDQV" failures="0" tests="2" name="ParallelExe_TestLevel.Parallel_Class2" time="22.585" errors="0" timestamp="2024-10-28T04:10:29 IST" skipped="0">
  <testcase classname="ParallelExe_TestLevel.Parallel_Class2" name="testFirefox" time="10.859"/>
  <testcase classname="ParallelExe_TestLevel.Parallel_Class2" name="testChrome" time="11.726"/>
</testsuite> <!-- ParallelExe_TestLevel.Parallel_Class2 -->
