<?xml version="1.0" encoding="UTF-8"?>
<!-- Generated by org.testng.reporters.JUnitReportReporter -->
<testsuite hostname="DESKTOP-95BEDQV" failures="0" tests="2" name="CrossBrowserExecution.CrossBrowser_MethodLevel" time="40.258" errors="0" timestamp="2024-11-07T05:21:51 IST" skipped="0">
  <testcase classname="CrossBrowserExecution.CrossBrowser_MethodLevel" name="browserLaunch_2" time="19.896"/>
  <testcase classname="CrossBrowserExecution.CrossBrowser_MethodLevel" name="browserLaunch_1" time="20.362"/>
</testsuite> <!-- CrossBrowserExecution.CrossBrowser_MethodLevel -->
