<?xml version="1.0" encoding="UTF-8"?>
<!-- Generated by org.testng.reporters.JUnitReportReporter -->
<testsuite hostname="DESKTOP-95BEDQV" failures="0" tests="2" name="BasicConcepts.Priority" time="0.030" errors="0" timestamp="2024-10-17T07:53:09 IST" skipped="0">
  <testcase classname="BasicConcepts.Priority" name="aA" time="0.027"/>
  <testcase classname="BasicConcepts.Priority" name="aa" time="0.003"/>
</testsuite> <!-- BasicConcepts.Priority -->
