<?xml version="1.0" encoding="UTF-8"?>
<!-- Generated by org.testng.reporters.JUnitReportReporter -->
<testsuite hostname="DESKTOP-95BEDQV" failures="0" tests="1" name="CrossBrowserExecution.CrossBrowser_ClassLevel_1" time="17.205" errors="0" timestamp="2024-11-07T05:13:24 IST" skipped="0">
  <testcase classname="CrossBrowserExecution.CrossBrowser_ClassLevel_1" name="browserLaunch" time="17.205"/>
</testsuite> <!-- CrossBrowserExecution.CrossBrowser_ClassLevel_1 -->
