<?xml version="1.0" encoding="UTF-8"?>
<!-- Generated by org.testng.reporters.JUnitReportReporter -->
<testsuite hostname="DESKTOP-95BEDQV" failures="0" tests="1" name="DependsOn.DependsOnGroups" time="0.041" errors="0" timestamp="2024-10-22T05:23:28 IST" skipped="0">
  <testcase classname="DependsOn.DependsOnGroups" name="login" time="0.041"/>
</testsuite> <!-- DependsOn.DependsOnGroups -->
