<?xml version="1.0" encoding="UTF-8"?>
<!-- Generated by org.testng.reporters.JUnitReportReporter -->
<testsuite hostname="DESKTOP-95BEDQV" failures="0" tests="1" name="CrossBrowserExecution.CrossBrowser_ClassLevel" time="24.936" errors="0" timestamp="2024-11-07T05:10:20 IST" skipped="0">
  <testcase classname="CrossBrowserExecution.CrossBrowser_ClassLevel" name="browserLaunch" time="24.936"/>
</testsuite> <!-- CrossBrowserExecution.CrossBrowser_ClassLevel -->
