<?xml version="1.0" encoding="UTF-8"?>
<!-- Generated by org.testng.reporters.JUnitReportReporter -->
<testsuite hostname="DESKTOP-95BEDQV" failures="0" tests="1" name="Listeners_IRetryAnalyzer.ReTryAnalyzer_Execution" time="15.666" errors="0" timestamp="2024-11-10T11:14:04 IST" skipped="0">
  <testcase classname="Listeners_IRetryAnalyzer.ReTryAnalyzer_Execution" name="testExample" time="15.666"/>
</testsuite> <!-- Listeners_IRetryAnalyzer.ReTryAnalyzer_Execution -->
