<?xml version="1.0" encoding="UTF-8"?>
<!-- Generated by org.testng.reporters.JUnitReportReporter -->
<testsuite hostname="DESKTOP-95BEDQV" failures="0" tests="1" name="BasicConcepts.InvocationCount" time="0.032" errors="0" timestamp="2024-10-17T06:43:02 IST" skipped="0">
  <testcase classname="BasicConcepts.InvocationCount" name="m1" time="0.032"/>
</testsuite> <!-- BasicConcepts.InvocationCount -->
