<?xml version="1.0" encoding="UTF-8"?>
<!-- Generated by org.testng.reporters.JUnitReportReporter -->
<testsuite hostname="DESKTOP-95BEDQV" failures="0" tests="2" name="ParallelExe_ClassLevel.Parallel_Class2" time="23.312" errors="0" timestamp="2024-10-26T05:21:59 IST" skipped="0">
  <testcase classname="ParallelExe_ClassLevel.Parallel_Class2" name="testFirefox" time="13.990"/>
  <testcase classname="ParallelExe_ClassLevel.Parallel_Class2" name="testChrome" time="9.322"/>
</testsuite> <!-- ParallelExe_ClassLevel.Parallel_Class2 -->
