<?xml version="1.0" encoding="UTF-8"?>
<!-- Generated by org.testng.reporters.JUnitReportReporter -->
<testsuite hostname="DESKTOP-95BEDQV" failures="0" tests="4" name="CrossBrowserExecution.CrossBrowser" time="117.381" errors="0" timestamp="2024-11-07T04:04:31 IST" skipped="0">
  <testcase classname="CrossBrowserExecution.CrossBrowser" name="browserLaunch" time="51.682"/>
  <testcase classname="CrossBrowserExecution.CrossBrowser" name="headlessDriver" time="13.507"/>
  <testcase classname="CrossBrowserExecution.CrossBrowser" name="browserLaunch" time="17.650"/>
  <testcase classname="CrossBrowserExecution.CrossBrowser" name="headlessDriver" time="34.542"/>
</testsuite> <!-- CrossBrowserExecution.CrossBrowser -->
