<?xml version="1.0" encoding="UTF-8"?>
<!-- Generated by org.testng.reporters.JUnitReportReporter -->
<testsuite hostname="DESKTOP-95BEDQV" failures="0" tests="2" name="ParallelExe_MethodLevel.ClassA" time="8.453" errors="0" timestamp="2024-10-25T07:26:56 IST" skipped="0">
  <testcase classname="ParallelExe_MethodLevel.ClassA" name="testChrome" time="3.076"/>
  <testcase classname="ParallelExe_MethodLevel.ClassA" name="testFirefox" time="5.377"/>
</testsuite> <!-- ParallelExe_MethodLevel.ClassA -->
