<?xml version="1.0" encoding="UTF-8"?>
<!-- Generated by org.testng.reporters.JUnitReportReporter -->
<testsuite hostname="DESKTOP-95BEDQV" failures="0" tests="9" name="DependsOnGroups_Suite_Level.DependsOnGroups" time="0.076" errors="0" timestamp="2024-10-24T04:33:30 IST" skipped="0">
  <testcase classname="DependsOnGroups_Suite_Level.DependsOnGroups" name="login" time="0.004"/>
  <testcase classname="DependsOnGroups_Suite_Level.DependsOnGroups" name="checkOut" time="0.004"/>
  <testcase classname="DependsOnGroups_Suite_Level.DependsOnGroups" name="forgetPassword" time="0.004"/>
  <testcase classname="DependsOnGroups_Suite_Level.DependsOnGroups" name="proceed" time="0.007"/>
  <testcase classname="DependsOnGroups_Suite_Level.DependsOnGroups" name="search" time="0.003"/>
  <testcase classname="DependsOnGroups_Suite_Level.DependsOnGroups" name="address" time="0.005"/>
  <testcase classname="DependsOnGroups_Suite_Level.DependsOnGroups" name="verifyProducts" time="0.004"/>
  <testcase classname="DependsOnGroups_Suite_Level.DependsOnGroups" name="payment" time="0.003"/>
  <testcase classname="DependsOnGroups_Suite_Level.DependsOnGroups" name="addToCart" time="0.042"/>
</testsuite> <!-- DependsOnGroups_Suite_Level.DependsOnGroups -->
